#
# There is insufficient memory for the Java Runtime Environment to continue.
# Native memory allocation (malloc) failed to allocate 2459056 bytes for Chunk::new
# Possible reasons:
#   The system is out of physical RAM or swap space
#   In 32 bit mode, the process size limit was hit
# Possible solutions:
#   Reduce memory load on the system
#   Increase physical memory or swap space
#   Check if swap backing store is full
#   Use 64 bit Java on a 64 bit OS
#   Decrease Java heap size (-Xmx/-Xms)
#   Decrease number of Java threads
#   Decrease Java thread stack sizes (-Xss)
#   Set larger code cache with -XX:ReservedCodeCacheSize=
# This output file may be truncated or incomplete.
#
#  Out of Memory Error (allocation.cpp:390), pid=5048, tid=0x0000000000001a30
#
# JRE version: OpenJDK Runtime Environment (8.0_152-b01) (build 1.8.0_152-release-1343-b01)
# Java VM: OpenJDK 64-Bit Server VM (25.152-b01 mixed mode windows-amd64 compressed oops)
# Failed to write core dump. Minidumps are not enabled by default on client versions of Windows
#

---------------  T H R E A D  ---------------

Current thread (0x0000000018617800):  JavaThread "C2 CompilerThread1" daemon [_thread_in_native, id=6704, stack(0x0000000019c00000,0x0000000019d00000)]

Stack: [0x0000000019c00000,0x0000000019d00000]
[error occurred during error reporting (printing stack bounds), id 0xc0000005]

Native frames: (J=compiled Java code, j=interpreted, Vv=VM code, C=native code)


Current CompileTask:
C2:7169304 30186 %     4       org.objectweb.asm.ClassReader::readCode @ 1541 (5089 bytes)


---------------  P R O C E S S  ---------------

Java Threads: ( => current thread )
  0x000000001b654800 JavaThread "Cache worker for Java compile cache (C:\Dev50\workspace_android_test\smartBuilding\.gradle\5.1.1\javaCompile)" [_thread_blocked, id=8996, stack(0x0000000068140000,0x0000000068240000)]
  0x000000001b75f800 JavaThread "stdout" daemon [_thread_in_native, id=13552, stack(0x0000000068040000,0x0000000068140000)]
  0x000000001e57e000 JavaThread "stderr" daemon [_thread_in_native, id=6572, stack(0x0000000067f40000,0x0000000068040000)]
  0x000000001e57c000 JavaThread "stdout" daemon [_thread_in_native, id=2900, stack(0x0000000067e40000,0x0000000067f40000)]
  0x000000001e57d800 JavaThread "stderr" daemon [_thread_in_native, id=4884, stack(0x0000000067d40000,0x0000000067e40000)]
  0x000000001e573800 JavaThread "stdout" daemon [_thread_in_native, id=5916, stack(0x0000000067c40000,0x0000000067d40000)]
  0x000000001e579800 JavaThread "stderr" daemon [_thread_in_native, id=7208, stack(0x0000000067b40000,0x0000000067c40000)]
  0x000000001e57a800 JavaThread "stdout" daemon [_thread_in_native, id=13132, stack(0x0000000067a40000,0x0000000067b40000)]
  0x000000001e572000 JavaThread "stderr" daemon [_thread_in_native, id=3592, stack(0x0000000067940000,0x0000000067a40000)]
  0x000000001e574800 JavaThread "stdout" daemon [_thread_in_native, id=9556, stack(0x0000000067840000,0x0000000067940000)]
  0x000000001e578000 JavaThread "stderr" daemon [_thread_in_native, id=4576, stack(0x0000000067740000,0x0000000067840000)]
  0x000000001e56f000 JavaThread "stdout" daemon [_thread_in_native, id=11524, stack(0x0000000067640000,0x0000000067740000)]
  0x000000001e570000 JavaThread "stderr" daemon [_thread_in_native, id=2112, stack(0x0000000067540000,0x0000000067640000)]
  0x000000001e573000 JavaThread "stdout" daemon [_thread_in_native, id=2420, stack(0x0000000067440000,0x0000000067540000)]
  0x000000001b65c800 JavaThread "stderr" daemon [_thread_in_native, id=13792, stack(0x0000000067340000,0x0000000067440000)]
  0x000000001b65c000 JavaThread "stdout" daemon [_thread_in_native, id=11068, stack(0x0000000067240000,0x0000000067340000)]
  0x000000001b65d800 JavaThread "stderr" daemon [_thread_in_native, id=4200, stack(0x0000000067140000,0x0000000067240000)]
  0x000000001b65b000 JavaThread "pool-84-thread-1" [_thread_blocked, id=10132, stack(0x0000000067040000,0x0000000067140000)]
  0x000000001b65e000 JavaThread "MarlinRenderer Disposer" daemon [_thread_blocked, id=11404, stack(0x0000000066f40000,0x0000000067040000)]
  0x000000001b659000 JavaThread "Java2D Disposer" daemon [_thread_blocked, id=7224, stack(0x0000000066e40000,0x0000000066f40000)]
  0x000000001b651800 JavaThread "ForkJoinPool.commonPool-worker-12" daemon [_thread_blocked, id=6208, stack(0x0000000066b40000,0x0000000066c40000)]
  0x000000001b658000 JavaThread "ForkJoinPool.commonPool-worker-3" daemon [_thread_blocked, id=1980, stack(0x0000000066a40000,0x0000000066b40000)]
  0x000000001b657800 JavaThread "ForkJoinPool.commonPool-worker-10" daemon [_thread_blocked, id=14052, stack(0x0000000066940000,0x0000000066a40000)]
  0x000000001b652000 JavaThread "ForkJoinPool.commonPool-worker-8" daemon [_thread_blocked, id=5112, stack(0x0000000066740000,0x0000000066840000)]
  0x000000001b656800 JavaThread "ForkJoinPool.commonPool-worker-15" daemon [_thread_blocked, id=4076, stack(0x0000000066640000,0x0000000066740000)]
  0x000000001b653800 JavaThread "ForkJoinPool.commonPool-worker-6" daemon [_thread_blocked, id=7724, stack(0x0000000066540000,0x0000000066640000)]
  0x000000001b656000 JavaThread "ForkJoinPool.commonPool-worker-13" daemon [_thread_blocked, id=14852, stack(0x0000000066440000,0x0000000066540000)]
  0x000000001b64f000 JavaThread "ForkJoinPool.commonPool-worker-4" daemon [_thread_blocked, id=11880, stack(0x0000000066340000,0x0000000066440000)]
  0x0000000027ca4800 JavaThread "ForkJoinPool.commonPool-worker-11" daemon [_thread_blocked, id=11568, stack(0x0000000066240000,0x0000000066340000)]
  0x0000000027ca3000 JavaThread "ForkJoinPool.commonPool-worker-2" daemon [_thread_blocked, id=4252, stack(0x0000000066140000,0x0000000066240000)]
  0x0000000027ca1800 JavaThread "Cache worker for execution history cache (C:\Dev50\workspace_android_test\smartBuilding\.gradle\5.1.1\executionHistory)" [_thread_blocked, id=1448, stack(0x0000000066040000,0x0000000066140000)]
  0x0000000027ca0800 JavaThread "Execution worker for ':' Thread 11" [_thread_blocked, id=5684, stack(0x0000000065f40000,0x0000000066040000)]
  0x0000000027ca2000 JavaThread "Execution worker for ':' Thread 10" [_thread_blocked, id=10460, stack(0x0000000065e40000,0x0000000065f40000)]
  0x0000000027ca0000 JavaThread "Execution worker for ':' Thread 9" [_thread_in_native, id=15720, stack(0x0000000065d40000,0x0000000065e40000)]
  0x0000000027c9d000 JavaThread "Execution worker for ':' Thread 8" [_thread_blocked, id=4340, stack(0x0000000065c40000,0x0000000065d40000)]
  0x0000000027c9e800 JavaThread "Execution worker for ':' Thread 7" [_thread_blocked, id=7204, stack(0x0000000065b40000,0x0000000065c40000)]
  0x0000000027c9f000 JavaThread "Execution worker for ':' Thread 6" [_thread_blocked, id=9724, stack(0x0000000065a40000,0x0000000065b40000)]
  0x0000000027ca3800 JavaThread "Execution worker for ':' Thread 5" [_thread_blocked, id=8008, stack(0x0000000065940000,0x0000000065a40000)]
  0x0000000027c9d800 JavaThread "Execution worker for ':' Thread 4" [_thread_blocked, id=12132, stack(0x0000000065840000,0x0000000065940000)]
  0x0000000027c95800 JavaThread "Execution worker for ':' Thread 3" [_thread_blocked, id=13028, stack(0x0000000065740000,0x0000000065840000)]
  0x0000000027c9c000 JavaThread "Execution worker for ':' Thread 2" [_thread_blocked, id=12556, stack(0x0000000065640000,0x0000000065740000)]
  0x0000000027c9b800 JavaThread "Execution worker for ':'" [_thread_blocked, id=16160, stack(0x0000000065540000,0x0000000065640000)]
  0x0000000027c9a800 JavaThread "Cache worker for file content cache (C:\Dev50\workspace_android_test\smartBuilding\.gradle\5.1.1\fileContent)" [_thread_blocked, id=7432, stack(0x0000000065440000,0x0000000065540000)]
  0x0000000027c9a000 JavaThread "Cache worker for Build Output Cleanup Cache (C:\Dev50\workspace_android_test\smartBuilding\.gradle\buildOutputCleanup)" [_thread_blocked, id=11536, stack(0x0000000065340000,0x0000000065440000)]
  0x0000000027c98800 JavaThread "pool-83-thread-1" [_thread_blocked, id=4800, stack(0x0000000065240000,0x0000000065340000)]
  0x0000000027c99000 JavaThread "Build operations Thread 12" [_thread_blocked, id=13712, stack(0x0000000065140000,0x0000000065240000)]
  0x0000000027c97800 JavaThread "Build operations Thread 11" [_thread_blocked, id=13484, stack(0x0000000065040000,0x0000000065140000)]
  0x0000000027c97000 JavaThread "Build operations Thread 10" [_thread_blocked, id=14396, stack(0x0000000064f40000,0x0000000065040000)]
  0x000000002259b000 JavaThread "Build operations Thread 9" [_thread_blocked, id=13432, stack(0x0000000064e40000,0x0000000064f40000)]
  0x0000000022599800 JavaThread "Build operations Thread 8" [_thread_blocked, id=12708, stack(0x0000000064d40000,0x0000000064e40000)]
  0x000000002259b800 JavaThread "Build operations Thread 7" [_thread_blocked, id=108, stack(0x0000000064c40000,0x0000000064d40000)]
  0x0000000022592000 JavaThread "Build operations Thread 6" [_thread_blocked, id=7588, stack(0x0000000064b40000,0x0000000064c40000)]
  0x0000000022598800 JavaThread "Build operations Thread 5" [_thread_blocked, id=6464, stack(0x0000000064a40000,0x0000000064b40000)]
  0x0000000022598000 JavaThread "Build operations Thread 4" [_thread_blocked, id=14612, stack(0x0000000064940000,0x0000000064a40000)]
  0x0000000022597000 JavaThread "Build operations Thread 3" [_thread_blocked, id=14144, stack(0x0000000064840000,0x0000000064940000)]
  0x000000002258f800 JavaThread "Build operations Thread 2" [_thread_blocked, id=8484, stack(0x0000000064740000,0x0000000064840000)]
  0x0000000022596800 JavaThread "Build operations" [_thread_blocked, id=8096, stack(0x0000000064640000,0x0000000064740000)]
  0x000000002258f000 JavaThread "Cache worker for cache directory md-rule (C:\Users\ksm10\.gradle\caches\5.1.1\md-rule)" [_thread_blocked, id=5804, stack(0x0000000064540000,0x0000000064640000)]
  0x0000000022595800 JavaThread "Cache worker for cache directory md-supplier (C:\Users\ksm10\.gradle\caches\5.1.1\md-supplier)" [_thread_blocked, id=12328, stack(0x0000000064440000,0x0000000064540000)]
  0x000000002258e000 JavaThread "Cache worker for file hash cache (C:\Dev50\workspace_android_test\smartBuilding\.gradle\5.1.1\fileHashes)" [_thread_blocked, id=11760, stack(0x0000000064340000,0x0000000064440000)]
  0x0000000022590800 JavaThread "Thread-682" [_thread_blocked, id=6920, stack(0x0000000064240000,0x0000000064340000)]
  0x0000000022595000 JavaThread "Stdin handler" [_thread_blocked, id=16116, stack(0x0000000064140000,0x0000000064240000)]
  0x000000002258d800 JavaThread "Asynchronous log dispatcher for DefaultDaemonConnection: socket connection from /127.0.0.1:58502 to /127.0.0.1:50004" [_thread_blocked, id=10268, stack(0x0000000064040000,0x0000000064140000)]
  0x0000000022594000 JavaThread "Daemon worker Thread 17" [_thread_blocked, id=15496, stack(0x0000000063f40000,0x0000000064040000)]
  0x0000000022592800 JavaThread "Cancel handler" [_thread_blocked, id=2216, stack(0x0000000063e40000,0x0000000063f40000)]
  0x0000000022593800 JavaThread "Handler for socket connection from /127.0.0.1:58502 to /127.0.0.1:50004" [_thread_in_native, id=12064, stack(0x0000000063d40000,0x0000000063e40000)]
  0x0000000022591000 JavaThread "Daemon Thread 17" [_thread_blocked, id=11216, stack(0x0000000063c40000,0x0000000063d40000)]
  0x000000002259c800 JavaThread "Cache worker for Java compile cache (C:\Users\ksm10\.gradle\caches\5.1.1\javaCompile)" [_thread_blocked, id=1516, stack(0x0000000026d70000,0x0000000026e70000)]
  0x000000001e577800 JavaThread "Cache worker for file content cache (C:\Users\ksm10\.gradle\caches\5.1.1\fileContent)" [_thread_blocked, id=15488, stack(0x0000000025670000,0x0000000025770000)]
  0x000000001e57b000 JavaThread "Memory manager" [_thread_blocked, id=8556, stack(0x0000000025370000,0x0000000025470000)]
  0x000000001e576000 JavaThread "Cache worker for execution history cache (C:\Users\ksm10\.gradle\caches\5.1.1\executionHistory)" [_thread_blocked, id=10444, stack(0x0000000020a20000,0x0000000020b20000)]
  0x000000001b75c000 JavaThread "Cache worker for journal cache (C:\Users\ksm10\.gradle\caches\journal-1)" [_thread_blocked, id=11884, stack(0x000000001c8b0000,0x000000001c9b0000)]
  0x000000001b75b000 JavaThread "File lock request listener" [_thread_in_native, id=4752, stack(0x000000001c7b0000,0x000000001c8b0000)]
  0x000000001b4de800 JavaThread "Cache worker for file hash cache (C:\Users\ksm10\.gradle\caches\5.1.1\fileHashes)" [_thread_blocked, id=5524, stack(0x000000001c6b0000,0x000000001c7b0000)]
  0x000000001b140000 JavaThread "Daemon periodic checks" [_thread_blocked, id=1556, stack(0x000000001bcb0000,0x000000001bdb0000)]
  0x000000001b17e000 JavaThread "Incoming local TCP Connector on port 58502" [_thread_in_native, id=16300, stack(0x000000001bad0000,0x000000001bbd0000)]
  0x00000000186b2800 JavaThread "Service Thread" daemon [_thread_blocked, id=9940, stack(0x0000000019f00000,0x000000001a000000)]
  0x0000000018626800 JavaThread "C1 CompilerThread3" daemon [_thread_blocked, id=708, stack(0x0000000019e00000,0x0000000019f00000)]
  0x0000000018625800 JavaThread "C2 CompilerThread2" daemon [_thread_in_native, id=7672, stack(0x0000000019d00000,0x0000000019e00000)]
=>0x0000000018617800 JavaThread "C2 CompilerThread1" daemon [_thread_in_native, id=6704, stack(0x0000000019c00000,0x0000000019d00000)]
  0x000000001860f800 JavaThread "C2 CompilerThread0" daemon [_thread_blocked, id=5212, stack(0x0000000019b00000,0x0000000019c00000)]
  0x00000000185bc800 JavaThread "Attach Listener" daemon [_thread_blocked, id=2036, stack(0x0000000019a00000,0x0000000019b00000)]
  0x00000000185bb800 JavaThread "Signal Dispatcher" daemon [_thread_blocked, id=5368, stack(0x0000000019900000,0x0000000019a00000)]
  0x0000000002efa000 JavaThread "Finalizer" daemon [_thread_blocked, id=5644, stack(0x0000000019800000,0x0000000019900000)]
  0x0000000002ef9000 JavaThread "Reference Handler" daemon [_thread_blocked, id=8800, stack(0x0000000019700000,0x0000000019800000)]
  0x0000000002cfd800 JavaThread "main" [_thread_blocked, id=7304, stack(0x0000000002d00000,0x0000000002e00000)]

Other Threads:
  0x0000000016eb6000 VMThread [stack: 0x0000000019600000,0x0000000019700000] [id=7212]
  0x0000000018674800 WatcherThread [stack: 0x000000001a000000,0x000000001a100000] [id=13772]

VM state:not at safepoint (normal execution)

VM Mutex/Monitor currently owned by a thread:  ([mutex/lock_event])
[0x0000000002e005d0] Compile_lock - owner thread: 0x0000000018625800
[0x0000000002e00c50] MethodCompileQueue_lock - owner thread: 0x0000000018625800

Heap:
 PSYoungGen      total 439296K, used 236957K [0x00000000e0000000, 0x00000000fe280000, 0x0000000100000000)
  eden space 407040K, 51% used [0x00000000e0000000,0x00000000ecb56420,0x00000000f8d80000)
  from space 32256K, 89% used [0x00000000fc300000,0x00000000fdf11118,0x00000000fe280000)
  to   space 43520K, 0% used [0x00000000f8d80000,0x00000000f8d80000,0x00000000fb800000)
 ParOldGen       total 408064K, used 60424K [0x00000000a0000000, 0x00000000b8e80000, 0x00000000e0000000)
  object space 408064K, 14% used [0x00000000a0000000,0x00000000a3b02218,0x00000000b8e80000)
 Metaspace       used 110104K, capacity 118036K, committed 118168K, reserved 1153024K
  class space    used 13663K, capacity 14942K, committed 15016K, reserved 1048576K

Card table byte_map: [0x00000000122c0000,0x00000000125d0000] byte_map_base: 0x0000000011dc0000

Marking Bits: (ParMarkBitMap*) 0x000000006fed5aa0
 Begin Bits: [0x00000000131d0000, 0x00000000149d0000)
 End Bits:   [0x00000000149d0000, 0x00000000161d0000)

Polling page: 0x0000000000fe0000

CodeCache: size=245760Kb used=82247Kb max_used=82260Kb free=163512Kb
 bounds [0x0000000002f00000, 0x0000000007fc0000, 0x0000000011f00000]
 total_blobs=23823 nmethods=22775 adapters=958
 compilation: enabled

Compilation events (10 events):
Event: 7169.300 Thread 0x0000000018626800 30224       3       org.gradle.internal.io.StreamByteBuffer::clear (25 bytes)
Event: 7169.300 Thread 0x0000000018626800 nmethod 30224 0x0000000007f70650 code [0x0000000007f707c0, 0x0000000007f70a28]
Event: 7169.300 Thread 0x0000000018626800 30225       3       org.gradle.internal.io.StreamByteBuffer$StreamByteBufferChunk::clear (11 bytes)
Event: 7169.300 Thread 0x0000000018626800 nmethod 30225 0x0000000007f6a250 code [0x0000000007f6a3a0, 0x0000000007f6a510]
Event: 7169.300 Thread 0x0000000018626800 30226       3       org.gradle.internal.logging.source.PrintStreamLoggingSystem$OutputEventDestination::onOutput (47 bytes)
Event: 7169.301 Thread 0x0000000018626800 nmethod 30226 0x0000000007f6e7d0 code [0x0000000007f6ea40, 0x0000000007f6fa28]
Event: 7169.301 Thread 0x0000000018626800 30227       3       org.gradle.internal.logging.events.StyledTextOutputEvent::<init> (26 bytes)
Event: 7169.301 Thread 0x0000000018626800 nmethod 30227 0x0000000007fb1c90 code [0x0000000007fb1e60, 0x0000000007fb2628]
Event: 7169.302 Thread 0x0000000018626800 30228       3       java.io.StringWriter::write (17 bytes)
Event: 7169.302 Thread 0x0000000018626800 nmethod 30228 0x0000000007fb31d0 code [0x0000000007fb3360, 0x0000000007fb3838]

GC Heap History (10 events):
Event: 2853.974 GC heap before
{Heap before GC invocations=24 (full 4):
 PSYoungGen      total 470016K, used 438378K [0x00000000e0000000, 0x00000000ffd80000, 0x0000000100000000)
  eden space 418304K, 100% used [0x00000000e0000000,0x00000000f9880000,0x00000000f9880000)
  from space 51712K, 38% used [0x00000000f9880000,0x00000000fac1ab30,0x00000000fcb00000)
  to   space 49664K, 0% used [0x00000000fcd00000,0x00000000fcd00000,0x00000000ffd80000)
 ParOldGen       total 408064K, used 60372K [0x00000000a0000000, 0x00000000b8e80000, 0x00000000e0000000)
  object space 408064K, 14% used [0x00000000a0000000,0x00000000a3af5350,0x00000000b8e80000)
 Metaspace       used 101893K, capacity 109172K, committed 109208K, reserved 1144832K
  class space    used 12801K, capacity 13984K, committed 13992K, reserved 1048576K
Event: 2853.990 GC heap after
Heap after GC invocations=24 (full 4):
 PSYoungGen      total 470016K, used 18618K [0x00000000e0000000, 0x00000000ffb00000, 0x0000000100000000)
  eden space 422912K, 0% used [0x00000000e0000000,0x00000000e0000000,0x00000000f9d00000)
  from space 47104K, 39% used [0x00000000fcd00000,0x00000000fdf2e9c0,0x00000000ffb00000)
  to   space 48128K, 0% used [0x00000000f9d00000,0x00000000f9d00000,0x00000000fcc00000)
 ParOldGen       total 408064K, used 60380K [0x00000000a0000000, 0x00000000b8e80000, 0x00000000e0000000)
  object space 408064K, 14% used [0x00000000a0000000,0x00000000a3af7350,0x00000000b8e80000)
 Metaspace       used 101893K, capacity 109172K, committed 109208K, reserved 1144832K
  class space    used 12801K, capacity 13984K, committed 13992K, reserved 1048576K
}
Event: 5099.499 GC heap before
{Heap before GC invocations=25 (full 4):
 PSYoungGen      total 470016K, used 441479K [0x00000000e0000000, 0x00000000ffb00000, 0x0000000100000000)
  eden space 422912K, 99% used [0x00000000e0000000,0x00000000f9cf3280,0x00000000f9d00000)
  from space 47104K, 39% used [0x00000000fcd00000,0x00000000fdf2e9c0,0x00000000ffb00000)
  to   space 48128K, 0% used [0x00000000f9d00000,0x00000000f9d00000,0x00000000fcc00000)
 ParOldGen       total 408064K, used 60380K [0x00000000a0000000, 0x00000000b8e80000, 0x00000000e0000000)
  object space 408064K, 14% used [0x00000000a0000000,0x00000000a3af7350,0x00000000b8e80000)
 Metaspace       used 102204K, capacity 109558K, committed 109848K, reserved 1144832K
  class space    used 12809K, capacity 14031K, committed 14120K, reserved 1048576K
Event: 5099.519 GC heap after
Heap after GC invocations=25 (full 4):
 PSYoungGen      total 471040K, used 20033K [0x00000000e0000000, 0x00000000ffd00000, 0x0000000100000000)
  eden space 422912K, 0% used [0x00000000e0000000,0x00000000e0000000,0x00000000f9d00000)
  from space 48128K, 41% used [0x00000000f9d00000,0x00000000fb090460,0x00000000fcc00000)
  to   space 46080K, 0% used [0x00000000fd000000,0x00000000fd000000,0x00000000ffd00000)
 ParOldGen       total 408064K, used 60388K [0x00000000a0000000, 0x00000000b8e80000, 0x00000000e0000000)
  object space 408064K, 14% used [0x00000000a0000000,0x00000000a3af9350,0x00000000b8e80000)
 Metaspace       used 102204K, capacity 109558K, committed 109848K, reserved 1144832K
  class space    used 12809K, capacity 14031K, committed 14120K, reserved 1048576K
}
Event: 6309.210 GC heap before
{Heap before GC invocations=26 (full 4):
 PSYoungGen      total 471040K, used 442945K [0x00000000e0000000, 0x00000000ffd00000, 0x0000000100000000)
  eden space 422912K, 100% used [0x00000000e0000000,0x00000000f9d00000,0x00000000f9d00000)
  from space 48128K, 41% used [0x00000000f9d00000,0x00000000fb090460,0x00000000fcc00000)
  to   space 46080K, 0% used [0x00000000fd000000,0x00000000fd000000,0x00000000ffd00000)
 ParOldGen       total 408064K, used 60388K [0x00000000a0000000, 0x00000000b8e80000, 0x00000000e0000000)
  object space 408064K, 14% used [0x00000000a0000000,0x00000000a3af9350,0x00000000b8e80000)
 Metaspace       used 102458K, capacity 109866K, committed 110104K, reserved 1144832K
  class space    used 12819K, capacity 14049K, committed 14120K, reserved 1048576K
Event: 6309.231 GC heap after
Heap after GC invocations=26 (full 4):
 PSYoungGen      total 473088K, used 19932K [0x00000000e0000000, 0x00000000ffa00000, 0x0000000100000000)
  eden space 430080K, 0% used [0x00000000e0000000,0x00000000e0000000,0x00000000fa400000)
  from space 43008K, 46% used [0x00000000fd000000,0x00000000fe377050,0x00000000ffa00000)
  to   space 44032K, 0% used [0x00000000fa400000,0x00000000fa400000,0x00000000fcf00000)
 ParOldGen       total 408064K, used 60396K [0x00000000a0000000, 0x00000000b8e80000, 0x00000000e0000000)
  object space 408064K, 14% used [0x00000000a0000000,0x00000000a3afb350,0x00000000b8e80000)
 Metaspace       used 102458K, capacity 109866K, committed 110104K, reserved 1144832K
  class space    used 12819K, capacity 14049K, committed 14120K, reserved 1048576K
}
Event: 7002.907 GC heap before
{Heap before GC invocations=27 (full 4):
 PSYoungGen      total 473088K, used 450012K [0x00000000e0000000, 0x00000000ffa00000, 0x0000000100000000)
  eden space 430080K, 100% used [0x00000000e0000000,0x00000000fa400000,0x00000000fa400000)
  from space 43008K, 46% used [0x00000000fd000000,0x00000000fe377050,0x00000000ffa00000)
  to   space 44032K, 0% used [0x00000000fa400000,0x00000000fa400000,0x00000000fcf00000)
 ParOldGen       total 408064K, used 60396K [0x00000000a0000000, 0x00000000b8e80000, 0x00000000e0000000)
  object space 408064K, 14% used [0x00000000a0000000,0x00000000a3afb370,0x00000000b8e80000)
 Metaspace       used 107434K, capacity 115366K, committed 115608K, reserved 1150976K
  class space    used 13396K, capacity 14677K, committed 14760K, reserved 1048576K
Event: 7002.924 GC heap after
Heap after GC invocations=27 (full 4):
 PSYoungGen      total 444416K, used 25800K [0x00000000e0000000, 0x00000000fed80000, 0x0000000100000000)
  eden space 418304K, 0% used [0x00000000e0000000,0x00000000e0000000,0x00000000f9880000)
  from space 26112K, 98% used [0x00000000fa400000,0x00000000fbd322b8,0x00000000fbd80000)
  to   space 43520K, 0% used [0x00000000fc300000,0x00000000fc300000,0x00000000fed80000)
 ParOldGen       total 408064K, used 60412K [0x00000000a0000000, 0x00000000b8e80000, 0x00000000e0000000)
  object space 408064K, 14% used [0x00000000a0000000,0x00000000a3aff370,0x00000000b8e80000)
 Metaspace       used 107434K, capacity 115366K, committed 115608K, reserved 1150976K
  class space    used 13396K, capacity 14677K, committed 14760K, reserved 1048576K
}
Event: 7168.320 GC heap before
{Heap before GC invocations=28 (full 4):
 PSYoungGen      total 444416K, used 444104K [0x00000000e0000000, 0x00000000fed80000, 0x0000000100000000)
  eden space 418304K, 100% used [0x00000000e0000000,0x00000000f9880000,0x00000000f9880000)
  from space 26112K, 98% used [0x00000000fa400000,0x00000000fbd322b8,0x00000000fbd80000)
  to   space 43520K, 0% used [0x00000000fc300000,0x00000000fc300000,0x00000000fed80000)
 ParOldGen       total 408064K, used 60416K [0x00000000a0000000, 0x00000000b8e80000, 0x00000000e0000000)
  object space 408064K, 14% used [0x00000000a0000000,0x00000000a3b00218,0x00000000b8e80000)
 Metaspace       used 110092K, capacity 118036K, committed 118168K, reserved 1153024K
  class space    used 13662K, capacity 14942K, committed 15016K, reserved 1048576K
Event: 7168.338 GC heap after
Heap after GC invocations=28 (full 4):
 PSYoungGen      total 439296K, used 28740K [0x00000000e0000000, 0x00000000fe280000, 0x0000000100000000)
  eden space 407040K, 0% used [0x00000000e0000000,0x00000000e0000000,0x00000000f8d80000)
  from space 32256K, 89% used [0x00000000fc300000,0x00000000fdf11118,0x00000000fe280000)
  to   space 43520K, 0% used [0x00000000f8d80000,0x00000000f8d80000,0x00000000fb800000)
 ParOldGen       total 408064K, used 60424K [0x00000000a0000000, 0x00000000b8e80000, 0x00000000e0000000)
  object space 408064K, 14% used [0x00000000a0000000,0x00000000a3b02218,0x00000000b8e80000)
 Metaspace       used 110092K, capacity 118036K, committed 118168K, reserved 1153024K
  class space    used 13662K, capacity 14942K, committed 15016K, reserved 1048576K
}

Deoptimization events (10 events):
Event: 7168.179 Thread 0x0000000027ca0000 Uncommon trap: reason=unstable_if action=reinterpret pc=0x0000000007a8f07c method=org.objectweb.asm.MethodWriter.putMethodInfo(Lorg/objectweb/asm/ByteVector;)V @ 190
Event: 7168.180 Thread 0x0000000027ca0000 Uncommon trap: reason=unstable_if action=reinterpret pc=0x00000000050ba850 method=org.objectweb.asm.MethodWriter.<init>(Lorg/objectweb/asm/SymbolTable;ILjava/lang/String;Ljava/lang/String;Ljava/lang/String;[Ljava/lang/String;I)V @ 100
Event: 7168.242 Thread 0x0000000027ca0000 Uncommon trap: reason=predicate action=maybe_recompile pc=0x0000000007e96cb4 method=org.objectweb.asm.ClassReader.readField(Lorg/objectweb/asm/ClassVisitor;Lorg/objectweb/asm/Context;I)I @ 372
Event: 7168.452 Thread 0x0000000027ca0000 Uncommon trap: reason=unstable_if action=reinterpret pc=0x0000000003a28e70 method=org.objectweb.asm.ByteVector.putUTF8(Ljava/lang/String;)Lorg/objectweb/asm/ByteVector; @ 100
Event: 7168.452 Thread 0x0000000027ca0000 Uncommon trap: reason=unstable_if action=reinterpret pc=0x0000000003a2d710 method=org.objectweb.asm.ByteVector.putUTF8(Ljava/lang/String;)Lorg/objectweb/asm/ByteVector; @ 100
Event: 7168.452 Thread 0x0000000027ca0000 Uncommon trap: reason=unstable_if action=reinterpret pc=0x0000000003699df4 method=org.objectweb.asm.ByteVector.putUTF8(Ljava/lang/String;)Lorg/objectweb/asm/ByteVector; @ 100
Event: 7168.564 Thread 0x0000000027ca0000 Uncommon trap: reason=null_assert action=make_not_entrant pc=0x0000000007ec4d20 method=org.gradle.api.internal.tasks.compile.ApiMemberSelector.visitAnnotationValue(Lorg/objectweb/asm/AnnotationVisitor;Lorg/gradle/api/internal/tasks/compile/AnnotationValue
Event: 7169.144 Thread 0x0000000027ca0000 Uncommon trap: reason=null_assert action=make_not_entrant pc=0x0000000003172a44 method=java.util.zip.ZipEntry.<init>(Ljava/util/zip/ZipEntry;)V @ 70
Event: 7169.246 Thread 0x0000000027ca0000 Uncommon trap: reason=unstable_if action=reinterpret pc=0x000000000464d044 method=com.sun.tools.javac.parser.JavaTokenizer.scanNumber(II)V @ 128
Event: 7169.246 Thread 0x0000000027ca0000 Uncommon trap: reason=unloaded action=reinterpret pc=0x0000000004678e94 method=com.sun.tools.javac.parser.JavacParser.literal(Lcom/sun/tools/javac/util/Name;I)Lcom/sun/tools/javac/tree/JCTree$JCExpression; @ 413

Classes redefined (0 events):
No events

Internal exceptions (10 events):
Event: 7163.155 Thread 0x0000000027ca3800 Exception <a 'sun/nio/fs/WindowsException'> (0x00000000e9db3460) thrown at [D:\src\AOSP-openjdk-cygwin\jdk8u\hotspot\src\share\vm\prims\jni.cpp, line 709]
Event: 7163.155 Thread 0x0000000027ca0800 Exception <a 'sun/nio/fs/WindowsException'> (0x00000000e9d4fd08) thrown at [D:\src\AOSP-openjdk-cygwin\jdk8u\hotspot\src\share\vm\prims\jni.cpp, line 709]
Event: 7163.155 Thread 0x0000000027c9c000 Exception <a 'sun/nio/fs/WindowsException'> (0x00000000e9bf11e8) thrown at [D:\src\AOSP-openjdk-cygwin\jdk8u\hotspot\src\share\vm\prims\jni.cpp, line 709]
Event: 7163.155 Thread 0x0000000027c95800 Exception <a 'sun/nio/fs/WindowsException'> (0x00000000e9b77d00) thrown at [D:\src\AOSP-openjdk-cygwin\jdk8u\hotspot\src\share\vm\prims\jni.cpp, line 709]
Event: 7163.156 Thread 0x0000000027c9d800 Exception <a 'sun/nio/fs/WindowsException'> (0x00000000e9d218e8) thrown at [D:\src\AOSP-openjdk-cygwin\jdk8u\hotspot\src\share\vm\prims\jni.cpp, line 709]
Event: 7163.156 Thread 0x0000000022594000 Exception <a 'sun/nio/fs/WindowsException'> (0x00000000e9b468a8) thrown at [D:\src\AOSP-openjdk-cygwin\jdk8u\hotspot\src\share\vm\prims\jni.cpp, line 709]
Event: 7164.696 Thread 0x0000000027ca3000 Exception <a 'java/io/FileNotFoundException'> (0x00000000f1554b68) thrown at [D:\src\AOSP-openjdk-cygwin\jdk8u\hotspot\src\share\vm\prims\jni.cpp, line 709]
Event: 7164.828 Thread 0x000000001b657800 Exception <a 'java/io/FileNotFoundException'> (0x00000000f1a91e80) thrown at [D:\src\AOSP-openjdk-cygwin\jdk8u\hotspot\src\share\vm\prims\jni.cpp, line 709]
Event: 7169.296 Thread 0x0000000027ca0000 Exception <a 'java/lang/OutOfMemoryError'> (0x00000000ec06aea0) thrown at [D:\src\AOSP-openjdk-cygwin\jdk8u\hotspot\src\share\vm\prims\jni.cpp, line 735]
Event: 7169.302 Thread 0x0000000027ca0000 Exception <a 'java/lang/reflect/InvocationTargetException'> (0x00000000ec80c5b0) thrown at [D:\src\AOSP-openjdk-cygwin\jdk8u\hotspot\src\share\vm\runtime\reflection.cpp, line 1092]

Events (10 events):
Event: 7169.144 Thread 0x0000000027ca0000 DEOPT PACKING pc=0x0000000003172a44 sp=0x0000000065e3b0a0
Event: 7169.144 Thread 0x0000000027ca0000 DEOPT UNPACKING pc=0x0000000002f4557b sp=0x0000000065e3af08 mode 2
Event: 7169.243 loading class com/sun/tools/javac/tree/JCTree$1
Event: 7169.243 loading class com/sun/tools/javac/tree/JCTree$1 done
Event: 7169.246 Thread 0x0000000027ca0000 Uncommon trap: trap_request=0xffffff65 fr.pc=0x000000000464d044
Event: 7169.246 Thread 0x0000000027ca0000 DEOPT PACKING pc=0x000000000464d044 sp=0x0000000065e3a760
Event: 7169.246 Thread 0x0000000027ca0000 DEOPT UNPACKING pc=0x0000000002f4557b sp=0x0000000065e3a708 mode 2
Event: 7169.246 Thread 0x0000000027ca0000 Uncommon trap: trap_request=0x000000bb fr.pc=0x0000000004678e94
Event: 7169.246 Thread 0x0000000027ca0000 DEOPT PACKING pc=0x0000000004678e94 sp=0x0000000065e3a710
Event: 7169.246 Thread 0x0000000027ca0000 DEOPT UNPACKING pc=0x0000000002f4557b sp=0x0000000065e3a6e0 mode 2


Dynamic libraries:
0x00007ff6656c0000 - 0x00007ff6656f1000 	C:\Program Files\Android\Android Studio\jre\bin\java.exe
0x00007ffa8fc10000 - 0x00007ffa8fdfd000 	C:\Windows\SYSTEM32\ntdll.dll
0x00007ffa8db50000 - 0x00007ffa8dc03000 	C:\Windows\System32\KERNEL32.DLL
0x00007ffa8cad0000 - 0x00007ffa8cd63000 	C:\Windows\System32\KERNELBASE.dll
0x00007ffa8cf70000 - 0x00007ffa8d013000 	C:\Windows\System32\ADVAPI32.dll
0x00007ffa8d0d0000 - 0x00007ffa8d16e000 	C:\Windows\System32\msvcrt.dll
0x00007ffa8de40000 - 0x00007ffa8dede000 	C:\Windows\System32\sechost.dll
0x00007ffa8e230000 - 0x00007ffa8e352000 	C:\Windows\System32\RPCRT4.dll
0x00007ffa8e090000 - 0x00007ffa8e227000 	C:\Windows\System32\USER32.dll
0x00007ffa8cd70000 - 0x00007ffa8cd90000 	C:\Windows\System32\win32u.dll
0x00007ffa8d4b0000 - 0x00007ffa8d4d9000 	C:\Windows\System32\GDI32.dll
0x00007ffa8c8e0000 - 0x00007ffa8ca79000 	C:\Windows\System32\gdi32full.dll
0x00007ffa8bce0000 - 0x00007ffa8bd80000 	C:\Windows\System32\msvcp_win.dll
0x00007ffa8be00000 - 0x00007ffa8befa000 	C:\Windows\System32\ucrtbase.dll
0x00007ffa7a620000 - 0x00007ffa7a899000 	C:\Windows\WinSxS\amd64_microsoft.windows.common-controls_6595b64144ccf1df_6.0.17763.615_none_05b4414a072024d4\COMCTL32.dll
0x00007ffa8e360000 - 0x00007ffa8e68c000 	C:\Windows\System32\combase.dll
0x00007ffa8cdc0000 - 0x00007ffa8ce3e000 	C:\Windows\System32\bcryptPrimitives.dll
0x00007ffa8d2a0000 - 0x00007ffa8d2ce000 	C:\Windows\System32\IMM32.DLL
0x000000006f3f0000 - 0x000000006f4c2000 	C:\Program Files\Android\Android Studio\jre\jre\bin\msvcr100.dll
0x000000006f710000 - 0x000000006ff51000 	C:\Program Files\Android\Android Studio\jre\jre\bin\server\jvm.dll
0x00007ffa8dca0000 - 0x00007ffa8dca8000 	C:\Windows\System32\PSAPI.DLL
0x00007ffa7f6d0000 - 0x00007ffa7f6d9000 	C:\Windows\SYSTEM32\WSOCK32.dll
0x00007ffa86740000 - 0x00007ffa8674a000 	C:\Windows\SYSTEM32\VERSION.dll
0x00007ffa89ee0000 - 0x00007ffa89f04000 	C:\Windows\SYSTEM32\WINMM.dll
0x00007ffa8dc10000 - 0x00007ffa8dc7d000 	C:\Windows\System32\WS2_32.dll
0x00007ffa89eb0000 - 0x00007ffa89edd000 	C:\Windows\SYSTEM32\winmmbase.dll
0x00007ffa8ca80000 - 0x00007ffa8caca000 	C:\Windows\System32\cfgmgr32.dll
0x00007ffa88520000 - 0x00007ffa8852f000 	C:\Program Files\Android\Android Studio\jre\jre\bin\verify.dll
0x00007ffa7ad70000 - 0x00007ffa7ad99000 	C:\Program Files\Android\Android Studio\jre\jre\bin\java.dll
0x00007ffa80220000 - 0x00007ffa80236000 	C:\Program Files\Android\Android Studio\jre\jre\bin\zip.dll
0x00007ffa8e690000 - 0x00007ffa8fb80000 	C:\Windows\System32\SHELL32.dll
0x00007ffa8d020000 - 0x00007ffa8d0c8000 	C:\Windows\System32\shcore.dll
0x00007ffa8c0e0000 - 0x00007ffa8c82a000 	C:\Windows\System32\windows.storage.dll
0x00007ffa8bc50000 - 0x00007ffa8bc74000 	C:\Windows\System32\profapi.dll
0x00007ffa8bc80000 - 0x00007ffa8bcdd000 	C:\Windows\System32\powrprof.dll
0x00007ffa8dcb0000 - 0x00007ffa8dd02000 	C:\Windows\System32\shlwapi.dll
0x00007ffa8bc30000 - 0x00007ffa8bc41000 	C:\Windows\System32\kernel.appcore.dll
0x00007ffa8bde0000 - 0x00007ffa8bdf7000 	C:\Windows\System32\cryptsp.dll
0x00007ffa7f670000 - 0x00007ffa7f68a000 	C:\Program Files\Android\Android Studio\jre\jre\bin\net.dll
0x00007ffa8b420000 - 0x00007ffa8b487000 	C:\Windows\system32\mswsock.dll
0x00007ffa7f250000 - 0x00007ffa7f261000 	C:\Program Files\Android\Android Studio\jre\jre\bin\nio.dll
0x00007ffa73940000 - 0x00007ffa7395e000 	C:\Users\ksm10\.gradle\native\25\windows-amd64\native-platform.dll
0x00007ffa7e880000 - 0x00007ffa7e88d000 	C:\Program Files\Android\Android Studio\jre\jre\bin\management.dll
0x00007ffa8afe0000 - 0x00007ffa8b013000 	C:\Windows\system32\rsaenh.dll
0x00007ffa8cd90000 - 0x00007ffa8cdb6000 	C:\Windows\System32\bcrypt.dll
0x00007ffa8bb40000 - 0x00007ffa8bb68000 	C:\Windows\SYSTEM32\USERENV.dll
0x00007ffa8b5f0000 - 0x00007ffa8b5fc000 	C:\Windows\SYSTEM32\CRYPTBASE.dll
0x00007ffa8b180000 - 0x00007ffa8b1bd000 	C:\Windows\SYSTEM32\IPHLPAPI.DLL
0x00007ffa8d650000 - 0x00007ffa8d658000 	C:\Windows\System32\NSI.dll
0x00007ffa866d0000 - 0x00007ffa866e6000 	C:\Windows\SYSTEM32\dhcpcsvc6.DLL
0x00007ffa866b0000 - 0x00007ffa866cc000 	C:\Windows\SYSTEM32\dhcpcsvc.DLL
0x00007ffa8b1c0000 - 0x00007ffa8b286000 	C:\Windows\SYSTEM32\DNSAPI.dll
0x00007ffa8acc0000 - 0x00007ffa8acf1000 	C:\Windows\SYSTEM32\ntmarta.dll
0x00007ffa75940000 - 0x00007ffa75964000 	C:\Program Files\Android\Android Studio\jre\jre\bin\sunec.dll
0x00007ffa821b0000 - 0x00007ffa821ba000 	C:\Windows\System32\rasadhlp.dll
0x00007ffa85230000 - 0x00007ffa852a9000 	C:\Windows\System32\fwpuclnt.dll
0x00007ffa88510000 - 0x00007ffa8851b000 	C:\Program Files\Android\Android Studio\jre\jre\bin\sunmscapi.dll
0x00007ffa8bf00000 - 0x00007ffa8c0db000 	C:\Windows\System32\CRYPT32.dll
0x00007ffa8bc10000 - 0x00007ffa8bc22000 	C:\Windows\System32\MSASN1.dll
0x00007ffa72040000 - 0x00007ffa721d8000 	C:\Program Files\Android\Android Studio\jre\jre\bin\awt.dll
0x00007ffa8dd10000 - 0x00007ffa8ddd4000 	C:\Windows\System32\OLEAUT32.dll
0x00007ffa89140000 - 0x00007ffa896fe000 	C:\Windows\SYSTEM32\d2d1.dll
0x00007ffa89fe0000 - 0x00007ffa8a06c000 	C:\Windows\SYSTEM32\apphelp.dll
0x00007ffa8a570000 - 0x00007ffa8a59e000 	C:\Windows\system32\DWMAPI.DLL
0x00007ffa8a240000 - 0x00007ffa8a2dc000 	C:\Windows\system32\uxtheme.dll

VM Arguments:
jvm_args: -Xmx1536m -Dfile.encoding=x-windows-949 -Duser.country=KR -Duser.language=ko -Duser.variant 
java_command: org.gradle.launcher.daemon.bootstrap.GradleDaemon 5.1.1
java_class_path (initial): C:\Users\ksm10\.gradle\wrapper\dists\gradle-5.1.1-all\97z1ksx6lirer3kbvdnh7jtjg\gradle-5.1.1\lib\gradle-launcher-5.1.1.jar
Launcher Type: SUN_STANDARD

Environment Variables:
PATH=C:\oraclexe\app\oracle\product\11.2.0\server\bin;C:\Program Files (x86)\Common Files\Oracle\Java\javapath;C:\Windows\system32;C:\Windows;C:\Windows\System32\Wbem;C:\Windows\System32\WindowsPowerShell\v1.0\;C:\Windows\System32\OpenSSH\;C:\Program Files\Geth;C:\Program Files\nodejs\;C:\Program Files\Git\cmd;C:\Users\ksm10\AppData\Local\Microsoft\WindowsApps;C:\Program Files\Bandizip\;C:\Users\ksm10\AppData\Roaming\npm;C:\Programs\Microsoft VS Code\bin
USERNAME=ksm10
OS=Windows_NT
PROCESSOR_IDENTIFIER=Intel64 Family 6 Model 158 Stepping 10, GenuineIntel



---------------  S Y S T E M  ---------------

OS: Windows 10.0 , 64 bit Build 17763 (10.0.17763.475)

CPU:total 12 (initial active 12) (6 cores per cpu, 2 threads per core) family 6 model 158 stepping 10, cmov, cx8, fxsr, mmx, sse, sse2, sse3, ssse3, sse4.1, sse4.2, popcnt, avx, avx2, aes, clmul, erms, rtm, 3dnowpref, lzcnt, ht, tsc, tscinvbit, bmi1, bmi2, adx

Memory: 4k page, physical 33423320k(1311256k free), swap 94469460k(5600k free)

vm_info: OpenJDK 64-Bit Server VM (25.152-b01) for windows-amd64 JRE (1.8.0_152-release-1343-b01), built by "builder" with MS VC++ 10.0 (VS2010)

time: Mon Aug 12 19:26:24 2019
elapsed time: 7169 seconds (0d 1h 59m 29s)

