#
# There is insufficient memory for the Java Runtime Environment to continue.
# Native memory allocation (malloc) failed to allocate 1090496 bytes for Chunk::new
# Possible reasons:
#   The system is out of physical RAM or swap space
#   In 32 bit mode, the process size limit was hit
# Possible solutions:
#   Reduce memory load on the system
#   Increase physical memory or swap space
#   Check if swap backing store is full
#   Use 64 bit Java on a 64 bit OS
#   Decrease Java heap size (-Xmx/-Xms)
#   Decrease number of Java threads
#   Decrease Java thread stack sizes (-Xss)
#   Set larger code cache with -XX:ReservedCodeCacheSize=
# This output file may be truncated or incomplete.
#
#  Out of Memory Error (allocation.cpp:390), pid=5912, tid=0x00000000000017b0
#
# JRE version: OpenJDK Runtime Environment (8.0_152-b01) (build 1.8.0_152-release-1343-b01)
# Java VM: OpenJDK 64-Bit Server VM (25.152-b01 mixed mode windows-amd64 compressed oops)
# Failed to write core dump. Minidumps are not enabled by default on client versions of Windows
#

---------------  T H R E A D  ---------------

Current thread (0x00000000188b9800):  JavaThread "C2 CompilerThread1" daemon [_thread_in_native, id=6064, stack(0x0000000019eb0000,0x0000000019fb0000)]

Stack: [0x0000000019eb0000,0x0000000019fb0000]
[error occurred during error reporting (printing stack bounds), id 0xc0000005]

Native frames: (J=compiled Java code, j=interpreted, Vv=VM code, C=native code)


Current CompileTask:
C2:  11245 7907   !   4       java.io.ObjectOutputStream::writeObject0 (619 bytes)


---------------  P R O C E S S  ---------------

Java Threads: ( => current thread )
  0x0000000022301800 JavaThread "ForkJoinPool.commonPool-worker-9" daemon [_thread_blocked, id=9144, stack(0x0000000027f00000,0x0000000028000000)]
  0x0000000022300800 JavaThread "stdout" [_thread_in_native, id=13816, stack(0x0000000027c00000,0x0000000027d00000)]
  0x00000000222fa000 JavaThread "stderr" [_thread_in_native, id=15052, stack(0x0000000027b00000,0x0000000027c00000)]
  0x00000000222f9000 JavaThread "pool-2-thread-1" [_thread_blocked, id=3720, stack(0x0000000027a00000,0x0000000027b00000)]
  0x0000000022300000 JavaThread "Cache worker for execution history cache (C:\Dev50\workspace_android_new\smartBuilding\.gradle\5.1.1\executionHistory)" [_thread_blocked, id=6788, stack(0x0000000027600000,0x0000000027700000)]
  0x00000000222f8800 JavaThread "Execution worker for ':' Thread 11" [_thread_blocked, id=5916, stack(0x0000000027500000,0x0000000027600000)]
  0x00000000222ff000 JavaThread "Execution worker for ':' Thread 10" [_thread_blocked, id=7628, stack(0x0000000027400000,0x0000000027500000)]
  0x00000000222f7800 JavaThread "Execution worker for ':' Thread 9" [_thread_blocked, id=8940, stack(0x0000000027300000,0x0000000027400000)]
  0x00000000222fe800 JavaThread "Execution worker for ':' Thread 8" [_thread_blocked, id=13644, stack(0x0000000027200000,0x0000000027300000)]
  0x00000000222f7000 JavaThread "Execution worker for ':' Thread 7" [_thread_blocked, id=13100, stack(0x0000000027100000,0x0000000027200000)]
  0x00000000222fc000 JavaThread "Execution worker for ':' Thread 6" [_thread_blocked, id=7868, stack(0x0000000027000000,0x0000000027100000)]
  0x00000000222fd000 JavaThread "Execution worker for ':' Thread 5" [_thread_blocked, id=12792, stack(0x0000000026f00000,0x0000000027000000)]
  0x00000000222fd800 JavaThread "Execution worker for ':' Thread 4" [_thread_blocked, id=10708, stack(0x0000000026e00000,0x0000000026f00000)]
  0x00000000222fb800 JavaThread "Execution worker for ':' Thread 3" [_thread_blocked, id=6768, stack(0x0000000026d00000,0x0000000026e00000)]
  0x00000000222f5800 JavaThread "Execution worker for ':' Thread 2" [_thread_blocked, id=16004, stack(0x0000000026c00000,0x0000000026d00000)]
  0x00000000222f4000 JavaThread "Execution worker for ':'" [_thread_blocked, id=12096, stack(0x0000000026b00000,0x0000000026c00000)]
  0x00000000222f4800 JavaThread "Cache worker for file content cache (C:\Dev50\workspace_android_new\smartBuilding\.gradle\5.1.1\fileContent)" [_thread_blocked, id=5696, stack(0x0000000026a00000,0x0000000026b00000)]
  0x00000000222fa800 JavaThread "Cache worker for file content cache (C:\Users\ksm10\.gradle\caches\5.1.1\fileContent)" [_thread_blocked, id=7712, stack(0x0000000026900000,0x0000000026a00000)]
  0x000000001d1e2800 JavaThread "Memory manager" [_thread_in_native, id=6444, stack(0x00000000246f0000,0x00000000247f0000)]
  0x000000001d1e1000 JavaThread "Cache worker for Build Output Cleanup Cache (C:\Dev50\workspace_android_new\smartBuilding\.gradle\buildOutputCleanup)" [_thread_blocked, id=4692, stack(0x00000000245f0000,0x00000000246f0000)]
  0x000000001d1df800 JavaThread "pool-1-thread-1" [_thread_blocked, id=6156, stack(0x00000000240f0000,0x00000000241f0000)]
  0x000000001d1e4000 JavaThread "Build operations Thread 12" [_thread_blocked, id=7388, stack(0x0000000023cf0000,0x0000000023df0000)]
  0x000000001d1e3800 JavaThread "Build operations Thread 11" [_thread_blocked, id=5996, stack(0x0000000023bf0000,0x0000000023cf0000)]
  0x000000001d1e0800 JavaThread "Build operations Thread 10" [_thread_blocked, id=10772, stack(0x0000000023af0000,0x0000000023bf0000)]
  0x000000001d1d6800 JavaThread "Build operations Thread 9" [_thread_blocked, id=17312, stack(0x00000000239f0000,0x0000000023af0000)]
  0x000000001d1dd800 JavaThread "Build operations Thread 8" [_thread_blocked, id=15616, stack(0x00000000238f0000,0x00000000239f0000)]
  0x000000001d1dc800 JavaThread "Build operations Thread 7" [_thread_blocked, id=6552, stack(0x00000000237f0000,0x00000000238f0000)]
  0x000000001d1d9800 JavaThread "Build operations Thread 6" [_thread_blocked, id=1704, stack(0x00000000236f0000,0x00000000237f0000)]
  0x000000001d1dc000 JavaThread "Build operations Thread 5" [_thread_blocked, id=15252, stack(0x00000000235f0000,0x00000000236f0000)]
  0x000000001d1d9000 JavaThread "Build operations Thread 4" [_thread_blocked, id=7244, stack(0x00000000234f0000,0x00000000235f0000)]
  0x000000001d1db000 JavaThread "Build operations Thread 3" [_thread_blocked, id=15824, stack(0x00000000233f0000,0x00000000234f0000)]
  0x000000001d1da800 JavaThread "Build operations Thread 2" [_thread_blocked, id=10084, stack(0x00000000232f0000,0x00000000233f0000)]
  0x000000001d1d8000 JavaThread "Build operations" [_thread_blocked, id=4152, stack(0x00000000231f0000,0x00000000232f0000)]
  0x000000001d1d7800 JavaThread "Cache worker for execution history cache (C:\Users\ksm10\.gradle\caches\5.1.1\executionHistory)" [_thread_blocked, id=14540, stack(0x0000000021860000,0x0000000021960000)]
  0x000000001b7aa800 JavaThread "Cache worker for cache directory md-rule (C:\Users\ksm10\.gradle\caches\5.1.1\md-rule)" [_thread_blocked, id=1204, stack(0x0000000021760000,0x0000000021860000)]
  0x000000001b7a9000 JavaThread "Cache worker for cache directory md-supplier (C:\Users\ksm10\.gradle\caches\5.1.1\md-supplier)" [_thread_blocked, id=6240, stack(0x00000000205f0000,0x00000000206f0000)]
  0x000000001b7ad800 JavaThread "Cache worker for file hash cache (C:\Dev50\workspace_android_new\smartBuilding\.gradle\5.1.1\fileHashes)" [_thread_blocked, id=16620, stack(0x000000001ed20000,0x000000001ee20000)]
  0x000000001b7ac000 JavaThread "Cache worker for journal cache (C:\Users\ksm10\.gradle\caches\journal-1)" [_thread_blocked, id=1640, stack(0x000000001ca80000,0x000000001cb80000)]
  0x000000001b7c6800 JavaThread "File lock request listener" [_thread_in_native, id=4744, stack(0x000000001c980000,0x000000001ca80000)]
  0x000000001b78a800 JavaThread "Cache worker for file hash cache (C:\Users\ksm10\.gradle\caches\5.1.1\fileHashes)" [_thread_blocked, id=15348, stack(0x000000001c880000,0x000000001c980000)]
  0x000000001b723800 JavaThread "Thread-8" [_thread_blocked, id=3760, stack(0x000000001c780000,0x000000001c880000)]
  0x000000001b723000 JavaThread "Stdin handler" [_thread_blocked, id=16372, stack(0x000000001c680000,0x000000001c780000)]
  0x000000001b722000 JavaThread "Asynchronous log dispatcher for DefaultDaemonConnection: socket connection from /127.0.0.1:58911 to /127.0.0.1:58912" [_thread_blocked, id=10836, stack(0x000000001c580000,0x000000001c680000)]
  0x000000001b6fc000 JavaThread "Daemon worker" [_thread_blocked, id=7008, stack(0x000000001c480000,0x000000001c580000)]
  0x000000001b72e800 JavaThread "Cancel handler" [_thread_blocked, id=2892, stack(0x000000001c380000,0x000000001c480000)]
  0x000000001b6eb000 JavaThread "Handler for socket connection from /127.0.0.1:58911 to /127.0.0.1:58912" [_thread_in_native, id=7748, stack(0x000000001c080000,0x000000001c180000)]
  0x000000001b6ea000 JavaThread "Daemon" [_thread_blocked, id=14108, stack(0x000000001bf80000,0x000000001c080000)]
  0x000000001b6d1800 JavaThread "Daemon periodic checks" [_thread_in_native, id=16244, stack(0x000000001be80000,0x000000001bf80000)]
  0x000000001b68d000 JavaThread "Incoming local TCP Connector on port 58911" [_thread_in_native, id=8612, stack(0x000000001bd80000,0x000000001be80000)]
  0x0000000018941800 JavaThread "Service Thread" daemon [_thread_blocked, id=15948, stack(0x000000001a1b0000,0x000000001a2b0000)]
  0x00000000188bd000 JavaThread "C1 CompilerThread3" daemon [_thread_blocked, id=1660, stack(0x000000001a0b0000,0x000000001a1b0000)]
  0x00000000188bc000 JavaThread "C2 CompilerThread2" daemon [_thread_blocked, id=5400, stack(0x0000000019fb0000,0x000000001a0b0000)]
=>0x00000000188b9800 JavaThread "C2 CompilerThread1" daemon [_thread_in_native, id=6064, stack(0x0000000019eb0000,0x0000000019fb0000)]
  0x00000000188b0000 JavaThread "C2 CompilerThread0" daemon [_thread_blocked, id=12108, stack(0x0000000019db0000,0x0000000019eb0000)]
  0x00000000188af000 JavaThread "Attach Listener" daemon [_thread_blocked, id=11900, stack(0x0000000019cb0000,0x0000000019db0000)]
  0x000000001885a800 JavaThread "Signal Dispatcher" daemon [_thread_blocked, id=4312, stack(0x0000000019bb0000,0x0000000019cb0000)]
  0x0000000018843000 JavaThread "Finalizer" daemon [_thread_blocked, id=544, stack(0x0000000019ab0000,0x0000000019bb0000)]
  0x0000000003189000 JavaThread "Reference Handler" daemon [_thread_blocked, id=15780, stack(0x00000000199b0000,0x0000000019ab0000)]
  0x0000000002b4d800 JavaThread "main" [_thread_blocked, id=12332, stack(0x0000000002f90000,0x0000000003090000)]

Other Threads:
  0x0000000017146000 VMThread [stack: 0x00000000198b0000,0x00000000199b0000] [id=12856]
  0x0000000018942800 WatcherThread [stack: 0x000000001a2b0000,0x000000001a3b0000] [id=16568]

VM state:not at safepoint (normal execution)

VM Mutex/Monitor currently owned by a thread:  ([mutex/lock_event])
[0x0000000003090cd0] PeriodicTask_lock - owner thread: 0x0000000018942800

Heap:
 PSYoungGen      total 260608K, used 220297K [0x00000000e0000000, 0x00000000f1c00000, 0x0000000100000000)
  eden space 241664K, 91% used [0x00000000e0000000,0x00000000ed7226b8,0x00000000eec00000)
  from space 18944K, 0% used [0x00000000f0100000,0x00000000f0100000,0x00000000f1380000)
  to   space 21504K, 0% used [0x00000000eec00000,0x00000000eec00000,0x00000000f0100000)
 ParOldGen       total 533504K, used 33031K [0x00000000a0000000, 0x00000000c0900000, 0x00000000e0000000)
  object space 533504K, 6% used [0x00000000a0000000,0x00000000a2041fe0,0x00000000c0900000)
 Metaspace       used 62609K, capacity 64778K, committed 65048K, reserved 1105920K
  class space    used 8455K, capacity 8912K, committed 9000K, reserved 1048576K

Card table byte_map: [0x0000000012550000,0x0000000012860000] byte_map_base: 0x0000000012050000

Marking Bits: (ParMarkBitMap*) 0x0000000070335aa0
 Begin Bits: [0x0000000013460000, 0x0000000014c60000)
 End Bits:   [0x0000000014c60000, 0x0000000016460000)

Polling page: 0x00000000009e0000

CodeCache: size=245760Kb used=21822Kb max_used=21833Kb free=223937Kb
 bounds [0x0000000003190000, 0x0000000004700000, 0x0000000012190000]
 total_blobs=7868 nmethods=7053 adapters=727
 compilation: enabled

Compilation events (10 events):
Event: 7.173 Thread 0x00000000188bd000 nmethod 7913 0x00000000046e4d90 code [0x00000000046e4ee0, 0x00000000046e4ff0]
Event: 7.177 Thread 0x00000000188bc000 nmethod 7900 0x00000000046f6290 code [0x00000000046f6400, 0x00000000046f6e98]
Event: 7.180 Thread 0x00000000188bd000 7914       3       com.google.gson.internal.$Gson$Types::canonicalize (139 bytes)
Event: 7.181 Thread 0x00000000188bd000 nmethod 7914 0x00000000046f47d0 code [0x00000000046f4a80, 0x00000000046f5e88]
Event: 7.183 Thread 0x00000000188bd000 7915   !   3       org.gradle.internal.operations.DefaultBuildOperationExecutor::run (28 bytes)
Event: 7.183 Thread 0x00000000188bd000 nmethod 7915 0x00000000046eb810 code [0x00000000046eb9c0, 0x00000000046ebf98]
Event: 8.581 Thread 0x00000000188b0000 7916       4       java.util.concurrent.locks.AbstractQueuedSynchronizer::enq (58 bytes)
Event: 8.582 Thread 0x00000000188b0000 nmethod 7916 0x00000000046eb310 code [0x00000000046eb460, 0x00000000046eb648]
Event: 8.634 Thread 0x00000000188bc000 7917       4       java.util.concurrent.locks.AbstractQueuedSynchronizer$ConditionObject::addConditionWaiter (64 bytes)
Event: 9.220 Thread 0x00000000188bc000 nmethod 7917 0x00000000046f8e90 code [0x00000000046f8fe0, 0x00000000046f91d8]

GC Heap History (10 events):
Event: 2.978 GC heap before
{Heap before GC invocations=5 (full 1):
 PSYoungGen      total 152576K, used 65259K [0x00000000e0000000, 0x00000000edc00000, 0x0000000100000000)
  eden space 131072K, 39% used [0x00000000e0000000,0x00000000e32e6d60,0x00000000e8000000)
  from space 21504K, 61% used [0x00000000e8000000,0x00000000e8cd4058,0x00000000e9500000)
  to   space 21504K, 0% used [0x00000000ec700000,0x00000000ec700000,0x00000000edc00000)
 ParOldGen       total 220160K, used 12750K [0x00000000a0000000, 0x00000000ad700000, 0x00000000e0000000)
  object space 220160K, 5% used [0x00000000a0000000,0x00000000a0c73bd0,0x00000000ad700000)
 Metaspace       used 34605K, capacity 35416K, committed 35496K, reserved 1079296K
  class space    used 4774K, capacity 5011K, committed 5032K, reserved 1048576K
Event: 2.984 GC heap after
Heap after GC invocations=5 (full 1):
 PSYoungGen      total 203776K, used 9885K [0x00000000e0000000, 0x00000000edc80000, 0x0000000100000000)
  eden space 182272K, 0% used [0x00000000e0000000,0x00000000e0000000,0x00000000eb200000)
  from space 21504K, 45% used [0x00000000ec700000,0x00000000ed0a7530,0x00000000edc00000)
  to   space 21504K, 0% used [0x00000000eb200000,0x00000000eb200000,0x00000000ec700000)
 ParOldGen       total 220160K, used 12758K [0x00000000a0000000, 0x00000000ad700000, 0x00000000e0000000)
  object space 220160K, 5% used [0x00000000a0000000,0x00000000a0c75bd0,0x00000000ad700000)
 Metaspace       used 34605K, capacity 35416K, committed 35496K, reserved 1079296K
  class space    used 4774K, capacity 5011K, committed 5032K, reserved 1048576K
}
Event: 2.984 GC heap before
{Heap before GC invocations=6 (full 2):
 PSYoungGen      total 203776K, used 9885K [0x00000000e0000000, 0x00000000edc80000, 0x0000000100000000)
  eden space 182272K, 0% used [0x00000000e0000000,0x00000000e0000000,0x00000000eb200000)
  from space 21504K, 45% used [0x00000000ec700000,0x00000000ed0a7530,0x00000000edc00000)
  to   space 21504K, 0% used [0x00000000eb200000,0x00000000eb200000,0x00000000ec700000)
 ParOldGen       total 220160K, used 12758K [0x00000000a0000000, 0x00000000ad700000, 0x00000000e0000000)
  object space 220160K, 5% used [0x00000000a0000000,0x00000000a0c75bd0,0x00000000ad700000)
 Metaspace       used 34605K, capacity 35416K, committed 35496K, reserved 1079296K
  class space    used 4774K, capacity 5011K, committed 5032K, reserved 1048576K
Event: 3.015 GC heap after
Heap after GC invocations=6 (full 2):
 PSYoungGen      total 203776K, used 0K [0x00000000e0000000, 0x00000000edc80000, 0x0000000100000000)
  eden space 182272K, 0% used [0x00000000e0000000,0x00000000e0000000,0x00000000eb200000)
  from space 21504K, 0% used [0x00000000ec700000,0x00000000ec700000,0x00000000edc00000)
  to   space 21504K, 0% used [0x00000000eb200000,0x00000000eb200000,0x00000000ec700000)
 ParOldGen       total 358400K, used 17096K [0x00000000a0000000, 0x00000000b5e00000, 0x00000000e0000000)
  object space 358400K, 4% used [0x00000000a0000000,0x00000000a10b23f8,0x00000000b5e00000)
 Metaspace       used 34562K, capacity 35272K, committed 35496K, reserved 1079296K
  class space    used 4760K, capacity 4987K, committed 5032K, reserved 1048576K
}
Event: 4.094 GC heap before
{Heap before GC invocations=7 (full 2):
 PSYoungGen      total 203776K, used 182272K [0x00000000e0000000, 0x00000000edc80000, 0x0000000100000000)
  eden space 182272K, 100% used [0x00000000e0000000,0x00000000eb200000,0x00000000eb200000)
  from space 21504K, 0% used [0x00000000ec700000,0x00000000ec700000,0x00000000edc00000)
  to   space 21504K, 0% used [0x00000000eb200000,0x00000000eb200000,0x00000000ec700000)
 ParOldGen       total 358400K, used 17096K [0x00000000a0000000, 0x00000000b5e00000, 0x00000000e0000000)
  object space 358400K, 4% used [0x00000000a0000000,0x00000000a10b23f8,0x00000000b5e00000)
 Metaspace       used 50257K, capacity 51402K, committed 51624K, reserved 1093632K
  class space    used 6745K, capacity 7022K, committed 7080K, reserved 1048576K
Event: 4.103 GC heap after
Heap after GC invocations=7 (full 2):
 PSYoungGen      total 203776K, used 19446K [0x00000000e0000000, 0x00000000f1380000, 0x0000000100000000)
  eden space 182272K, 0% used [0x00000000e0000000,0x00000000e0000000,0x00000000eb200000)
  from space 21504K, 90% used [0x00000000eb200000,0x00000000ec4fd900,0x00000000ec700000)
  to   space 18944K, 0% used [0x00000000f0100000,0x00000000f0100000,0x00000000f1380000)
 ParOldGen       total 358400K, used 17169K [0x00000000a0000000, 0x00000000b5e00000, 0x00000000e0000000)
  object space 358400K, 4% used [0x00000000a0000000,0x00000000a10c4408,0x00000000b5e00000)
 Metaspace       used 50257K, capacity 51402K, committed 51624K, reserved 1093632K
  class space    used 6745K, capacity 7022K, committed 7080K, reserved 1048576K
}
Event: 4.695 GC heap before
{Heap before GC invocations=8 (full 2):
 PSYoungGen      total 203776K, used 111031K [0x00000000e0000000, 0x00000000f1380000, 0x0000000100000000)
  eden space 182272K, 50% used [0x00000000e0000000,0x00000000e59704b0,0x00000000eb200000)
  from space 21504K, 90% used [0x00000000eb200000,0x00000000ec4fd900,0x00000000ec700000)
  to   space 18944K, 0% used [0x00000000f0100000,0x00000000f0100000,0x00000000f1380000)
 ParOldGen       total 358400K, used 17169K [0x00000000a0000000, 0x00000000b5e00000, 0x00000000e0000000)
  object space 358400K, 4% used [0x00000000a0000000,0x00000000a10c4408,0x00000000b5e00000)
 Metaspace       used 57459K, capacity 58994K, committed 59160K, reserved 1099776K
  class space    used 7752K, capacity 8114K, committed 8232K, reserved 1048576K
Event: 4.703 GC heap after
Heap after GC invocations=8 (full 2):
 PSYoungGen      total 260608K, used 18940K [0x00000000e0000000, 0x00000000f1c00000, 0x0000000100000000)
  eden space 241664K, 0% used [0x00000000e0000000,0x00000000e0000000,0x00000000eec00000)
  from space 18944K, 99% used [0x00000000f0100000,0x00000000f137f258,0x00000000f1380000)
  to   space 21504K, 0% used [0x00000000eec00000,0x00000000eec00000,0x00000000f0100000)
 ParOldGen       total 358400K, used 17238K [0x00000000a0000000, 0x00000000b5e00000, 0x00000000e0000000)
  object space 358400K, 4% used [0x00000000a0000000,0x00000000a10d5858,0x00000000b5e00000)
 Metaspace       used 57459K, capacity 58994K, committed 59160K, reserved 1099776K
  class space    used 7752K, capacity 8114K, committed 8232K, reserved 1048576K
}
Event: 4.703 GC heap before
{Heap before GC invocations=9 (full 3):
 PSYoungGen      total 260608K, used 18940K [0x00000000e0000000, 0x00000000f1c00000, 0x0000000100000000)
  eden space 241664K, 0% used [0x00000000e0000000,0x00000000e0000000,0x00000000eec00000)
  from space 18944K, 99% used [0x00000000f0100000,0x00000000f137f258,0x00000000f1380000)
  to   space 21504K, 0% used [0x00000000eec00000,0x00000000eec00000,0x00000000f0100000)
 ParOldGen       total 358400K, used 17238K [0x00000000a0000000, 0x00000000b5e00000, 0x00000000e0000000)
  object space 358400K, 4% used [0x00000000a0000000,0x00000000a10d5858,0x00000000b5e00000)
 Metaspace       used 57459K, capacity 58994K, committed 59160K, reserved 1099776K
  class space    used 7752K, capacity 8114K, committed 8232K, reserved 1048576K
Event: 4.847 GC heap after
Heap after GC invocations=9 (full 3):
 PSYoungGen      total 260608K, used 0K [0x00000000e0000000, 0x00000000f1c00000, 0x0000000100000000)
  eden space 241664K, 0% used [0x00000000e0000000,0x00000000e0000000,0x00000000eec00000)
  from space 18944K, 0% used [0x00000000f0100000,0x00000000f0100000,0x00000000f1380000)
  to   space 21504K, 0% used [0x00000000eec00000,0x00000000eec00000,0x00000000f0100000)
 ParOldGen       total 533504K, used 33031K [0x00000000a0000000, 0x00000000c0900000, 0x00000000e0000000)
  object space 533504K, 6% used [0x00000000a0000000,0x00000000a2041fe0,0x00000000c0900000)
 Metaspace       used 57459K, capacity 58994K, committed 59160K, reserved 1099776K
  class space    used 7752K, capacity 8114K, committed 8232K, reserved 1048576K
}

Deoptimization events (10 events):
Event: 6.863 Thread 0x000000001b6fc000 Uncommon trap: reason=class_check action=maybe_recompile pc=0x0000000003c95e94 method=java.io.Writer.write(Ljava/lang/String;)V @ 7
Event: 6.866 Thread 0x000000001b6fc000 Uncommon trap: reason=null_assert action=make_not_entrant pc=0x000000000464aa40 method=com.google.common.cache.LocalCache.processPendingNotifications()V @ 9
Event: 7.043 Thread 0x0000000022300000 Uncommon trap: reason=unstable_if action=reinterpret pc=0x00000000046158f8 method=com.esotericsoftware.kryo.io.Output.writeString(Ljava/lang/CharSequence;)V @ 50
Event: 7.043 Thread 0x0000000022300000 Uncommon trap: reason=unstable_if action=reinterpret pc=0x0000000003b75998 method=com.esotericsoftware.kryo.io.Output.writeString(Ljava/lang/CharSequence;)V @ 50
Event: 7.044 Thread 0x000000001b6fc000 Uncommon trap: reason=bimorphic action=maybe_recompile pc=0x00000000046abd74 method=com.google.common.base.CharMatcher.indexIn(Ljava/lang/CharSequence;I)I @ 31
Event: 7.044 Thread 0x000000001b6fc000 Uncommon trap: reason=bimorphic action=maybe_recompile pc=0x00000000046abd74 method=com.google.common.base.CharMatcher.indexIn(Ljava/lang/CharSequence;I)I @ 31
Event: 7.044 Thread 0x000000001b6fc000 Uncommon trap: reason=bimorphic action=maybe_recompile pc=0x00000000046abd74 method=com.google.common.base.CharMatcher.indexIn(Ljava/lang/CharSequence;I)I @ 31
Event: 7.044 Thread 0x000000001b6fc000 Uncommon trap: reason=bimorphic action=maybe_recompile pc=0x00000000046abd74 method=com.google.common.base.CharMatcher.indexIn(Ljava/lang/CharSequence;I)I @ 31
Event: 7.044 Thread 0x0000000022300000 Uncommon trap: reason=unstable_if action=reinterpret pc=0x0000000003e13e18 method=com.esotericsoftware.kryo.io.Output.writeBytes([BII)V @ 61
Event: 7.052 Thread 0x000000001b6fc000 Uncommon trap: reason=unstable_if action=reinterpret pc=0x0000000003566768 method=java.lang.String.regionMatches(ZILjava/lang/String;II)Z @ 123

Classes redefined (0 events):
No events

Internal exceptions (10 events):
Event: 5.182 Thread 0x000000001b723800 Exception <a 'java/lang/NoSuchMethodError': <clinit>> (0x00000000e28f1118) thrown at [D:\src\AOSP-openjdk-cygwin\jdk8u\hotspot\src\share\vm\prims\jni.cpp, line 1613]
Event: 5.182 Thread 0x000000001b723800 Exception <a 'java/lang/NoSuchMethodError': <clinit>> (0x00000000e28fd600) thrown at [D:\src\AOSP-openjdk-cygwin\jdk8u\hotspot\src\share\vm\prims\jni.cpp, line 1613]
Event: 5.204 Thread 0x000000001b723800 Exception <a 'java/lang/NoSuchMethodError': <clinit>> (0x00000000e29094a0) thrown at [D:\src\AOSP-openjdk-cygwin\jdk8u\hotspot\src\share\vm\prims\jni.cpp, line 1613]
Event: 5.205 Thread 0x000000001b723800 Exception <a 'java/lang/NoSuchMethodError': <clinit>> (0x00000000e291a4d0) thrown at [D:\src\AOSP-openjdk-cygwin\jdk8u\hotspot\src\share\vm\prims\jni.cpp, line 1613]
Event: 5.205 Thread 0x000000001b723800 Exception <a 'java/lang/NoSuchMethodError': <clinit>> (0x00000000e291bfe8) thrown at [D:\src\AOSP-openjdk-cygwin\jdk8u\hotspot\src\share\vm\prims\jni.cpp, line 1613]
Event: 5.529 Thread 0x000000001b723800 Exception <a 'java/lang/NoSuchMethodError': <clinit>> (0x00000000e8268f78) thrown at [D:\src\AOSP-openjdk-cygwin\jdk8u\hotspot\src\share\vm\prims\jni.cpp, line 1613]
Event: 5.818 Thread 0x000000001b6fc000 Exception <a 'java/lang/NoSuchMethodError': <clinit>> (0x00000000e9ccac58) thrown at [D:\src\AOSP-openjdk-cygwin\jdk8u\hotspot\src\share\vm\prims\jni.cpp, line 1613]
Event: 6.066 Thread 0x000000001b6fc000 Exception <a 'java/lang/NoSuchMethodError': java.lang.Object.lambda$negate$1(Ljava/lang/Object;)Z> (0x00000000ead58230) thrown at [D:\src\AOSP-openjdk-cygwin\jdk8u\hotspot\src\share\vm\interpreter\linkResolver.cpp, line 584]
Event: 6.792 Thread 0x000000001b6fc000 Implicit null exception at 0x0000000003994fd9 to 0x00000000039953bd
Event: 6.792 Thread 0x000000001b6fc000 Implicit null exception at 0x000000000399471a to 0x0000000003994aed

Events (10 events):
Event: 7.185 Executing VM operation: RevokeBias
Event: 7.185 Executing VM operation: RevokeBias done
Event: 7.185 Executing VM operation: RevokeBias
Event: 7.185 Executing VM operation: RevokeBias done
Event: 7.185 Executing VM operation: RevokeBias
Event: 7.186 Executing VM operation: RevokeBias done
Event: 9.861 loading class org/gradle/workers/internal/WorkerDaemonExpiration$SimpleMemoryExpirationSelector
Event: 9.861 loading class org/gradle/workers/internal/WorkerDaemonExpiration$SimpleMemoryExpirationSelector done
Event: 10.964 loading class org/gradle/launcher/daemon/server/health/gc/DefaultSlidingWindow
Event: 10.964 loading class org/gradle/launcher/daemon/server/health/gc/DefaultSlidingWindow done


Dynamic libraries:
0x00007ff7b4830000 - 0x00007ff7b4861000 	C:\Program Files\Android\Android Studio\jre\bin\java.exe
0x00007ff9bff90000 - 0x00007ff9c017d000 	C:\Windows\SYSTEM32\ntdll.dll
0x00007ff9bd9d0000 - 0x00007ff9bda83000 	C:\Windows\System32\KERNEL32.DLL
0x00007ff9bce80000 - 0x00007ff9bd113000 	C:\Windows\System32\KERNELBASE.dll
0x00007ff9be170000 - 0x00007ff9be213000 	C:\Windows\System32\ADVAPI32.dll
0x00007ff9bd1f0000 - 0x00007ff9bd28e000 	C:\Windows\System32\msvcrt.dll
0x00007ff9be780000 - 0x00007ff9be81e000 	C:\Windows\System32\sechost.dll
0x00007ff9be4a0000 - 0x00007ff9be5c2000 	C:\Windows\System32\RPCRT4.dll
0x00007ff9bddc0000 - 0x00007ff9bdf57000 	C:\Windows\System32\USER32.dll
0x00007ff9bc400000 - 0x00007ff9bc420000 	C:\Windows\System32\win32u.dll
0x00007ff9be140000 - 0x00007ff9be169000 	C:\Windows\System32\GDI32.dll
0x00007ff9bc210000 - 0x00007ff9bc3a9000 	C:\Windows\System32\gdi32full.dll
0x00007ff9bd120000 - 0x00007ff9bd1c0000 	C:\Windows\System32\msvcp_win.dll
0x00007ff9bc110000 - 0x00007ff9bc20a000 	C:\Windows\System32\ucrtbase.dll
0x00007ff9a9f30000 - 0x00007ff9aa1a9000 	C:\Windows\WinSxS\amd64_microsoft.windows.common-controls_6595b64144ccf1df_6.0.17763.615_none_05b4414a072024d4\COMCTL32.dll
0x00007ff9bda90000 - 0x00007ff9bddbc000 	C:\Windows\System32\combase.dll
0x00007ff9bce00000 - 0x00007ff9bce7e000 	C:\Windows\System32\bcryptPrimitives.dll
0x00007ff9bd1c0000 - 0x00007ff9bd1ee000 	C:\Windows\System32\IMM32.DLL
0x000000006f850000 - 0x000000006f922000 	C:\Program Files\Android\Android Studio\jre\jre\bin\msvcr100.dll
0x000000006fb70000 - 0x00000000703b1000 	C:\Program Files\Android\Android Studio\jre\jre\bin\server\jvm.dll
0x00007ff9bd710000 - 0x00007ff9bd718000 	C:\Windows\System32\PSAPI.DLL
0x00007ff9aedb0000 - 0x00007ff9aedb9000 	C:\Windows\SYSTEM32\WSOCK32.dll
0x00007ff9be0d0000 - 0x00007ff9be13d000 	C:\Windows\System32\WS2_32.dll
0x00007ff9ba200000 - 0x00007ff9ba224000 	C:\Windows\SYSTEM32\WINMM.dll
0x00007ff9b66b0000 - 0x00007ff9b66ba000 	C:\Windows\SYSTEM32\VERSION.dll
0x00007ff9ba1d0000 - 0x00007ff9ba1fd000 	C:\Windows\SYSTEM32\winmmbase.dll
0x00007ff9bc3b0000 - 0x00007ff9bc3fa000 	C:\Windows\System32\cfgmgr32.dll
0x00007ff9b84f0000 - 0x00007ff9b84ff000 	C:\Program Files\Android\Android Studio\jre\jre\bin\verify.dll
0x00007ff9ae2e0000 - 0x00007ff9ae309000 	C:\Program Files\Android\Android Studio\jre\jre\bin\java.dll
0x00007ff9aa2b0000 - 0x00007ff9aa2c6000 	C:\Program Files\Android\Android Studio\jre\jre\bin\zip.dll
0x00007ff9be900000 - 0x00007ff9bfdf0000 	C:\Windows\System32\SHELL32.dll
0x00007ff9bdf60000 - 0x00007ff9be008000 	C:\Windows\System32\shcore.dll
0x00007ff9bc650000 - 0x00007ff9bcd9a000 	C:\Windows\System32\windows.storage.dll
0x00007ff9bbfd0000 - 0x00007ff9bbff4000 	C:\Windows\System32\profapi.dll
0x00007ff9bc000000 - 0x00007ff9bc05d000 	C:\Windows\System32\powrprof.dll
0x00007ff9be070000 - 0x00007ff9be0c2000 	C:\Windows\System32\shlwapi.dll
0x00007ff9bbfb0000 - 0x00007ff9bbfc1000 	C:\Windows\System32\kernel.appcore.dll
0x00007ff9bc420000 - 0x00007ff9bc437000 	C:\Windows\System32\cryptsp.dll
0x00007ff9a9c30000 - 0x00007ff9a9c4a000 	C:\Program Files\Android\Android Studio\jre\jre\bin\net.dll
0x00007ff9bb7a0000 - 0x00007ff9bb807000 	C:\Windows\system32\mswsock.dll
0x00007ff9a8dc0000 - 0x00007ff9a8dd1000 	C:\Program Files\Android\Android Studio\jre\jre\bin\nio.dll
0x00007ff9ad4f0000 - 0x00007ff9ad50e000 	C:\Users\ksm10\.gradle\native\25\windows-amd64\native-platform.dll
0x00007ff9ae280000 - 0x00007ff9ae28d000 	C:\Program Files\Android\Android Studio\jre\jre\bin\management.dll
0x00007ff9bb360000 - 0x00007ff9bb393000 	C:\Windows\system32\rsaenh.dll
0x00007ff9bc620000 - 0x00007ff9bc646000 	C:\Windows\System32\bcrypt.dll
0x00007ff9bbe90000 - 0x00007ff9bbeb8000 	C:\Windows\SYSTEM32\USERENV.dll
0x00007ff9bb970000 - 0x00007ff9bb97c000 	C:\Windows\SYSTEM32\CRYPTBASE.dll
0x00007ff9bb500000 - 0x00007ff9bb53d000 	C:\Windows\SYSTEM32\IPHLPAPI.DLL
0x00007ff9bd900000 - 0x00007ff9bd908000 	C:\Windows\System32\NSI.dll
0x00007ff9b5c40000 - 0x00007ff9b5c56000 	C:\Windows\SYSTEM32\dhcpcsvc6.DLL
0x00007ff9b6670000 - 0x00007ff9b668c000 	C:\Windows\SYSTEM32\dhcpcsvc.DLL
0x00007ff9bb540000 - 0x00007ff9bb606000 	C:\Windows\SYSTEM32\DNSAPI.dll

VM Arguments:
jvm_args: -Xmx1536m -Dfile.encoding=x-windows-949 -Duser.country=KR -Duser.language=ko -Duser.variant 
java_command: org.gradle.launcher.daemon.bootstrap.GradleDaemon 5.1.1
java_class_path (initial): C:\Users\ksm10\.gradle\wrapper\dists\gradle-5.1.1-all\97z1ksx6lirer3kbvdnh7jtjg\gradle-5.1.1\lib\gradle-launcher-5.1.1.jar
Launcher Type: SUN_STANDARD

Environment Variables:
PATH=C:\oraclexe\app\oracle\product\11.2.0\server\bin;C:\Program Files (x86)\Common Files\Oracle\Java\javapath;C:\Windows\system32;C:\Windows;C:\Windows\System32\Wbem;C:\Windows\System32\WindowsPowerShell\v1.0\;C:\Windows\System32\OpenSSH\;C:\Program Files\Geth;C:\Program Files\nodejs\;C:\Program Files\Git\cmd;C:\Users\ksm10\AppData\Local\Microsoft\WindowsApps;C:\Program Files\Bandizip\;C:\Users\ksm10\AppData\Roaming\npm;C:\Programs\Microsoft VS Code\bin
USERNAME=ksm10
OS=Windows_NT
PROCESSOR_IDENTIFIER=Intel64 Family 6 Model 158 Stepping 10, GenuineIntel



---------------  S Y S T E M  ---------------

OS: Windows 10.0 , 64 bit Build 17763 (10.0.17763.475)

CPU:total 12 (initial active 12) (6 cores per cpu, 2 threads per core) family 6 model 158 stepping 10, cmov, cx8, fxsr, mmx, sse, sse2, sse3, ssse3, sse4.1, sse4.2, popcnt, avx, avx2, aes, clmul, erms, rtm, 3dnowpref, lzcnt, ht, tsc, tscinvbit, bmi1, bmi2, adx

Memory: 4k page, physical 33423320k(1769504k free), swap 71172056k(18996k free)

vm_info: OpenJDK 64-Bit Server VM (25.152-b01) for windows-amd64 JRE (1.8.0_152-release-1343-b01), built by "builder" with MS VC++ 10.0 (VS2010)

time: Wed Aug 14 10:00:05 2019
elapsed time: 13 seconds (0d 0h 0m 13s)

